[2022-02-25T01:46:53.536900+03:00] mylogger.ALERT: Большая ошибка {"alert":[{"file":"/home/az/DEV/PHP/SF_PHP/Part7/Mod32/bootstrap.php","line":15,"function":"require_once"},{"file":"/home/az/DEV/PHP/SF_PHP/Part7/Mod32/public/index.php","line":5,"args":["/home/az/DEV/PHP/SF_PHP/Part7/Mod32/bootstrap.php"],"function":"require_once"}],"errors":{"email":null,"password":null}} []
[2022-02-25T01:46:55.259798+03:00] mylogger.ALERT: Большая ошибка {"alert":[{"file":"/home/az/DEV/PHP/SF_PHP/Part7/Mod32/bootstrap.php","line":15,"function":"require_once"},{"file":"/home/az/DEV/PHP/SF_PHP/Part7/Mod32/public/index.php","line":5,"args":["/home/az/DEV/PHP/SF_PHP/Part7/Mod32/bootstrap.php"],"function":"require_once"}],"errors":{"email":null,"password":null}} []
[2022-02-25T01:48:27.458921+03:00] mylogger.ALERT: Большая ошибка {"email":null,"password":null} []
[2022-02-25T01:48:27.931213+03:00] mylogger.ALERT: Большая ошибка {"email":null,"password":null} []
[2022-02-25T01:48:29.749194+03:00] mylogger.ALERT: Большая ошибка {"email":null,"password":null} []
[2022-02-25T01:50:58.106894+03:00] mylogger.ALERT: Большая ошибка {"email":"","password":""} []
[2022-02-25T01:51:00.001660+03:00] mylogger.ALERT: Большая ошибка {"email":"","password":""} []
[2022-02-25T01:51:27.032581+03:00] mylogger.ALERT: Большая ошибка {"email":"","password":""} []
[2022-02-25T01:51:27.990574+03:00] mylogger.ALERT: Большая ошибка {"email":"","password":""} []
[2022-02-25T01:51:29.710693+03:00] mylogger.ALERT: Большая ошибка {"email":"","password":""} []
[2022-02-25T01:51:30.671011+03:00] mylogger.ALERT: Большая ошибка {"email":"Please enter email.","password":"Please enter your password."} []
[2022-02-25T01:51:46.771937+03:00] mylogger.ALERT: Большая ошибка {"email":"Please enter email.","password":"Please enter your password."} []
[2022-02-25T01:51:47.692763+03:00] mylogger.ALERT: Большая ошибка {"email":"","password":"Please enter your password."} []
[2022-02-25T01:51:59.200669+03:00] mylogger.ALERT: Большая ошибка {"email":"","password":"Please enter your password."} []
[2022-02-25T01:51:59.655124+03:00] mylogger.ALERT: Большая ошибка {"email":"","password":""} []
[2022-02-25T01:52:00.386471+03:00] mylogger.ALERT: Большая ошибка {"email":"","password":""} []
[2022-02-25T01:52:50.891221+03:00] mylogger.ALERT: Большая ошибка {"email":"","password":""} []
[2022-02-25T01:52:51.727122+03:00] mylogger.ALERT: Большая ошибка {"email":"","password":""} []
[2022-02-25T01:52:55.316000+03:00] mylogger.ALERT: Большая ошибка {"email":"","password":""} []
[2022-02-25T01:52:57.039121+03:00] mylogger.ALERT: Большая ошибка {"email":"","password":""} []
[2022-02-25T01:52:58.526261+03:00] mylogger.ALERT: Большая ошибка {"email":"","password":""} []
[2022-02-25T01:52:58.984437+03:00] mylogger.ALERT: Большая ошибка {"email":"","password":""} []
[2022-02-25T01:53:00.393279+03:00] mylogger.ALERT: Большая ошибка {"email":"","password":""} []
[2022-02-25T01:53:01.015380+03:00] mylogger.ALERT: Большая ошибка {"email":"","password":""} []
[2022-02-25T01:53:01.852070+03:00] mylogger.ALERT: Большая ошибка {"email":"","password":""} []
[2022-02-25T01:53:04.750123+03:00] mylogger.ALERT: Большая ошибка {"email":"","password":""} []
[2022-02-25T01:53:05.636553+03:00] mylogger.ALERT: Большая ошибка {"email":"","password":""} []
[2022-02-25T01:53:07.452901+03:00] mylogger.ALERT: Большая ошибка {"email":"","password":""} []
[2022-02-25T01:53:09.171046+03:00] mylogger.ALERT: Большая ошибка {"email":"","password":""} []
[2022-02-25T01:53:10.146705+03:00] mylogger.ALERT: Большая ошибка {"email":"","password":""} []
[2022-02-25T01:53:12.868815+03:00] mylogger.ALERT: Большая ошибка {"email":"","password":""} []
[2022-02-25T01:53:13.179861+03:00] mylogger.ALERT: Большая ошибка {"email":"","password":""} []
[2022-02-25T01:53:14.135987+03:00] mylogger.ALERT: Большая ошибка {"email":"","password":""} []
[2022-02-25T02:06:34.291760+03:00] mylogger.ALERT: Большая ошибка {"email":"","password":""} []
[2022-02-25T02:06:34.726797+03:00] mylogger.ALERT: Большая ошибка {"email":"","password":""} []
[2022-02-25T02:06:38.508859+03:00] mylogger.ALERT: Большая ошибка {"email":"","password":""} []
[2022-03-01T16:02:47.916407+03:00] mylogger.ALERT: Большая ошибка {"email":"","password":""} []
[2022-03-01T16:02:48.633445+03:00] mylogger.ALERT: Большая ошибка {"email":"","password":""} []
[2022-03-15T02:46:19.388925+03:00] mylogger.ALERT: Большая ошибка {"email":"","password":""} []
[2022-03-15T02:46:19.834011+03:00] mylogger.ALERT: Большая ошибка {"email":"","password":""} []
[2022-03-15T02:46:21.962338+03:00] mylogger.ALERT: Большая ошибка {"email":"","password":""} []
[2022-03-15T02:46:23.447418+03:00] mylogger.ALERT: Большая ошибка {"email":"","password":""} []
[2022-03-15T02:46:25.145061+03:00] mylogger.ALERT: Большая ошибка {"email":"","password":""} []
[2022-03-15T02:46:26.815318+03:00] mylogger.ALERT: Большая ошибка {"email":"","password":""} []
[2022-03-15T19:57:11.873477+03:00] mylogger.ALERT: Большая ошибка {"email":"","password":""} []
[2022-03-15T20:54:37.906172+03:00] mylogger.ALERT: Большая ошибка {"email":"","password":""} []
[2022-03-15T20:54:45.259197+03:00] mylogger.ALERT: Большая ошибка {"email":"","password":""} []
[2022-03-15T20:54:53.326630+03:00] mylogger.ALERT: Большая ошибка {"email":"","password":""} []
[2022-03-15T20:54:54.689055+03:00] mylogger.ALERT: Большая ошибка {"email":"","password":""} []
[2022-03-15T20:54:58.560118+03:00] mylogger.ALERT: Большая ошибка {"email":"","password":""} []
[2022-03-15T20:55:02.870762+03:00] mylogger.ALERT: Большая ошибка {"email":"","password":""} []
[2022-03-15T20:55:08.381277+03:00] mylogger.ALERT: Большая ошибка {"email":"","password":""} []
[2022-03-15T20:55:08.456345+03:00] mylogger.ALERT: Большая ошибка {"email":"","password":""} []
[2022-03-15T20:55:11.804515+03:00] mylogger.ALERT: Большая ошибка {"email":"","password":""} []
[2022-03-15T20:55:22.408861+03:00] mylogger.ALERT: Большая ошибка {"email":"","password":""} []
[2022-03-15T20:55:39.347087+03:00] mylogger.ALERT: Большая ошибка {"email":"","password":""} []
[2022-03-15T20:55:40.587361+03:00] mylogger.ALERT: Большая ошибка {"email":"","password":""} []
[2022-03-15T20:55:42.823105+03:00] mylogger.ALERT: Большая ошибка {"email":"","password":""} []
[2022-03-15T20:55:43.696396+03:00] mylogger.ALERT: Большая ошибка {"email":"","password":""} []
[2022-03-15T20:55:45.039430+03:00] mylogger.ALERT: Большая ошибка {"email":"","password":""} []
[2022-03-15T20:55:45.892618+03:00] mylogger.ALERT: Большая ошибка {"email":"","password":""} []
[2022-03-15T20:55:47.534648+03:00] mylogger.ALERT: Большая ошибка {"email":"","password":""} []
[2022-03-15T20:55:49.533108+03:00] mylogger.ALERT: Большая ошибка {"email":"","password":""} []
[2022-03-15T20:55:56.252747+03:00] mylogger.ALERT: Большая ошибка {"email":"","password":""} []
[2022-03-15T20:55:59.735049+03:00] mylogger.ALERT: Большая ошибка {"email":"","password":""} []
[2022-03-15T20:56:13.438731+03:00] mylogger.ALERT: Большая ошибка {"email":"","password":""} []
[2022-03-15T21:57:22.379304+03:00] mylogger.ALERT: Большая ошибка {"email":"","password":""} []
[2022-03-15T22:15:18.543731+03:00] mylogger.ALERT: Большая ошибка {"email":"","password":""} []
[2022-03-15T22:15:33.611869+03:00] mylogger.ALERT: Большая ошибка {"email":"","password":""} []
