[2022-02-25T00:36:55.117863+03:00] mylogger.WARNING: E_WARNING: Undefined array key "token" {"code":2,"message":"Undefined array key \"token\"","file":"/home/az/DEV/PHP/SF_PHP/Part7/Mod32/engine/login.php","line":27} []
[2022-02-25T00:37:10.560377+03:00] mylogger.WARNING: E_WARNING: Undefined array key "token" {"code":2,"message":"Undefined array key \"token\"","file":"/home/az/DEV/PHP/SF_PHP/Part7/Mod32/engine/login.php","line":27} []
[2022-02-25T00:37:16.302473+03:00] mylogger.WARNING: E_WARNING: Undefined array key "token" {"code":2,"message":"Undefined array key \"token\"","file":"/home/az/DEV/PHP/SF_PHP/Part7/Mod32/engine/login.php","line":27} []
[2022-02-25T00:37:36.824162+03:00] mylogger.WARNING: E_WARNING: Undefined array key "token" {"code":2,"message":"Undefined array key \"token\"","file":"/home/az/DEV/PHP/SF_PHP/Part7/Mod32/engine/login.php","line":27} []
[2022-02-25T00:38:44.722703+03:00] mylogger.WARNING: E_WARNING: Undefined array key "token" {"code":2,"message":"Undefined array key \"token\"","file":"/home/az/DEV/PHP/SF_PHP/Part7/Mod32/engine/login.php","line":27} []
[2022-02-25T00:38:55.519656+03:00] mylogger.WARNING: E_WARNING: Undefined array key "token" {"code":2,"message":"Undefined array key \"token\"","file":"/home/az/DEV/PHP/SF_PHP/Part7/Mod32/engine/login.php","line":27} []
[2022-02-25T00:39:08.926130+03:00] mylogger.WARNING: E_WARNING: Undefined variable $token {"code":2,"message":"Undefined variable $token","file":"/home/az/DEV/PHP/SF_PHP/Part7/Mod32/templates/login.php","line":48} []
[2022-02-25T00:39:10.172130+03:00] mylogger.WARNING: E_WARNING: Undefined variable $token {"code":2,"message":"Undefined variable $token","file":"/home/az/DEV/PHP/SF_PHP/Part7/Mod32/templates/login.php","line":48} []
[2022-02-25T00:39:38.727786+03:00] mylogger.WARNING: E_WARNING: Undefined array key "token" {"code":2,"message":"Undefined array key \"token\"","file":"/home/az/DEV/PHP/SF_PHP/Part7/Mod32/engine/login.php","line":27} []
[2022-02-25T00:40:48.266662+03:00] mylogger.WARNING: E_WARNING: Undefined array key "token" {"code":2,"message":"Undefined array key \"token\"","file":"/home/az/DEV/PHP/SF_PHP/Part7/Mod32/engine/login.php","line":27} []
[2022-02-25T00:50:13.093704+03:00] mylogger.WARNING: E_WARNING: Undefined array key "token" {"code":2,"message":"Undefined array key \"token\"","file":"/home/az/DEV/PHP/SF_PHP/Part7/Mod32/engine/login.php","line":25} []
[2022-02-25T00:50:15.430169+03:00] mylogger.WARNING: E_WARNING: Undefined array key "token" {"code":2,"message":"Undefined array key \"token\"","file":"/home/az/DEV/PHP/SF_PHP/Part7/Mod32/engine/login.php","line":25} []
[2022-02-25T00:50:29.895813+03:00] mylogger.WARNING: E_WARNING: Undefined array key "token" {"code":2,"message":"Undefined array key \"token\"","file":"/home/az/DEV/PHP/SF_PHP/Part7/Mod32/engine/login.php","line":25} []
[2022-02-25T00:51:12.438877+03:00] mylogger.WARNING: E_WARNING: Undefined array key "token" {"code":2,"message":"Undefined array key \"token\"","file":"/home/az/DEV/PHP/SF_PHP/Part7/Mod32/engine/login.php","line":25} []
[2022-02-25T00:51:25.470041+03:00] mylogger.WARNING: E_WARNING: Undefined variable $token {"code":2,"message":"Undefined variable $token","file":"/home/az/DEV/PHP/SF_PHP/Part7/Mod32/templates/login.php","line":48} []
[2022-02-25T00:51:28.306002+03:00] mylogger.WARNING: E_WARNING: Undefined variable $token {"code":2,"message":"Undefined variable $token","file":"/home/az/DEV/PHP/SF_PHP/Part7/Mod32/templates/login.php","line":48} []
[2022-02-25T00:51:42.684856+03:00] mylogger.WARNING: E_WARNING: Undefined variable $token {"code":2,"message":"Undefined variable $token","file":"/home/az/DEV/PHP/SF_PHP/Part7/Mod32/templates/login.php","line":48} []
[2022-02-25T00:51:45.638232+03:00] mylogger.WARNING: E_WARNING: Undefined variable $token {"code":2,"message":"Undefined variable $token","file":"/home/az/DEV/PHP/SF_PHP/Part7/Mod32/templates/login.php","line":48} []
[2022-02-25T00:54:13.388305+03:00] mylogger.WARNING: E_WARNING: Undefined variable $email {"code":2,"message":"Undefined variable $email","file":"/home/az/DEV/PHP/SF_PHP/Part7/Mod32/engine/login.php","line":50} []
[2022-02-25T00:54:13.388541+03:00] mylogger.ERROR: Uncaught Exception TypeError: "getUserByEmail(): Argument #1 ($email) must be of type string, null given, called in /home/az/DEV/PHP/SF_PHP/Part7/Mod32/engine/login.php on line 50" at /home/az/DEV/PHP/SF_PHP/Part7/Mod32/config/db.php line 23 {"exception":"[object] (TypeError(code: 0): getUserByEmail(): Argument #1 ($email) must be of type string, null given, called in /home/az/DEV/PHP/SF_PHP/Part7/Mod32/engine/login.php on line 50 at /home/az/DEV/PHP/SF_PHP/Part7/Mod32/config/db.php:23)"} []
[2022-02-25T00:54:29.728860+03:00] mylogger.WARNING: E_WARNING: Undefined array key "token" {"code":2,"message":"Undefined array key \"token\"","file":"/home/az/DEV/PHP/SF_PHP/Part7/Mod32/engine/login.php","line":25} []
[2022-02-25T00:54:29.729006+03:00] mylogger.WARNING: E_WARNING: Undefined variable $token {"code":2,"message":"Undefined variable $token","file":"/home/az/DEV/PHP/SF_PHP/Part7/Mod32/templates/login.php","line":48} []
[2022-02-25T00:54:31.442281+03:00] mylogger.WARNING: E_WARNING: Undefined variable $token {"code":2,"message":"Undefined variable $token","file":"/home/az/DEV/PHP/SF_PHP/Part7/Mod32/templates/login.php","line":48} []
[2022-02-25T00:54:54.832338+03:00] mylogger.WARNING: E_WARNING: Undefined variable $token {"code":2,"message":"Undefined variable $token","file":"/home/az/DEV/PHP/SF_PHP/Part7/Mod32/templates/login.php","line":48} []
[2022-02-25T00:54:55.841887+03:00] mylogger.WARNING: E_WARNING: Undefined variable $token {"code":2,"message":"Undefined variable $token","file":"/home/az/DEV/PHP/SF_PHP/Part7/Mod32/templates/login.php","line":48} []
[2022-02-25T00:54:56.802632+03:00] mylogger.WARNING: E_WARNING: Undefined variable $token {"code":2,"message":"Undefined variable $token","file":"/home/az/DEV/PHP/SF_PHP/Part7/Mod32/templates/login.php","line":48} []
[2022-02-25T00:57:09.773651+03:00] mylogger.WARNING: E_WARNING: Undefined array key "token" {"code":2,"message":"Undefined array key \"token\"","file":"/home/az/DEV/PHP/SF_PHP/Part7/Mod32/engine/login.php","line":25} []
[2022-02-25T00:57:18.138863+03:00] mylogger.WARNING: E_WARNING: Undefined array key "token" {"code":2,"message":"Undefined array key \"token\"","file":"/home/az/DEV/PHP/SF_PHP/Part7/Mod32/engine/login.php","line":25} []
[2022-02-25T01:00:21.456699+03:00] mylogger.WARNING: E_WARNING: Undefined variable $token {"code":2,"message":"Undefined variable $token","file":"/home/az/DEV/PHP/SF_PHP/Part7/Mod32/templates/layout.php","line":5} []
[2022-02-25T01:00:22.005140+03:00] mylogger.WARNING: E_WARNING: Undefined variable $token {"code":2,"message":"Undefined variable $token","file":"/home/az/DEV/PHP/SF_PHP/Part7/Mod32/templates/layout.php","line":5} []
[2022-02-25T01:00:23.505433+03:00] mylogger.WARNING: E_WARNING: Undefined variable $token {"code":2,"message":"Undefined variable $token","file":"/home/az/DEV/PHP/SF_PHP/Part7/Mod32/templates/layout.php","line":5} []
[2022-02-25T01:00:24.103906+03:00] mylogger.WARNING: E_WARNING: Undefined variable $token {"code":2,"message":"Undefined variable $token","file":"/home/az/DEV/PHP/SF_PHP/Part7/Mod32/templates/layout.php","line":5} []
[2022-02-25T01:00:25.848074+03:00] mylogger.WARNING: E_WARNING: Undefined variable $token {"code":2,"message":"Undefined variable $token","file":"/home/az/DEV/PHP/SF_PHP/Part7/Mod32/templates/layout.php","line":5} []
[2022-02-25T01:00:26.298201+03:00] mylogger.WARNING: E_WARNING: Undefined variable $token {"code":2,"message":"Undefined variable $token","file":"/home/az/DEV/PHP/SF_PHP/Part7/Mod32/templates/layout.php","line":5} []
[2022-02-25T01:01:44.499073+03:00] mylogger.WARNING: E_WARNING: Undefined variable $email {"code":2,"message":"Undefined variable $email","file":"/home/az/DEV/PHP/SF_PHP/Part7/Mod32/engine/login.php","line":49} []
[2022-02-25T01:01:44.499242+03:00] mylogger.ERROR: Uncaught Exception TypeError: "getUserByEmail(): Argument #1 ($email) must be of type string, null given, called in /home/az/DEV/PHP/SF_PHP/Part7/Mod32/engine/login.php on line 49" at /home/az/DEV/PHP/SF_PHP/Part7/Mod32/config/db.php line 23 {"exception":"[object] (TypeError(code: 0): getUserByEmail(): Argument #1 ($email) must be of type string, null given, called in /home/az/DEV/PHP/SF_PHP/Part7/Mod32/engine/login.php on line 49 at /home/az/DEV/PHP/SF_PHP/Part7/Mod32/config/db.php:23)"} []
[2022-02-25T01:01:46.774723+03:00] mylogger.WARNING: E_WARNING: Undefined array key "token" {"code":2,"message":"Undefined array key \"token\"","file":"/home/az/DEV/PHP/SF_PHP/Part7/Mod32/engine/login.php","line":24} []
[2022-02-25T01:01:48.176512+03:00] mylogger.WARNING: E_WARNING: Undefined variable $email {"code":2,"message":"Undefined variable $email","file":"/home/az/DEV/PHP/SF_PHP/Part7/Mod32/engine/login.php","line":49} []
[2022-02-25T01:01:48.176657+03:00] mylogger.ERROR: Uncaught Exception TypeError: "getUserByEmail(): Argument #1 ($email) must be of type string, null given, called in /home/az/DEV/PHP/SF_PHP/Part7/Mod32/engine/login.php on line 49" at /home/az/DEV/PHP/SF_PHP/Part7/Mod32/config/db.php line 23 {"exception":"[object] (TypeError(code: 0): getUserByEmail(): Argument #1 ($email) must be of type string, null given, called in /home/az/DEV/PHP/SF_PHP/Part7/Mod32/engine/login.php on line 49 at /home/az/DEV/PHP/SF_PHP/Part7/Mod32/config/db.php:23)"} []
[2022-02-25T01:01:52.937489+03:00] mylogger.WARNING: E_WARNING: Undefined array key "token" {"code":2,"message":"Undefined array key \"token\"","file":"/home/az/DEV/PHP/SF_PHP/Part7/Mod32/engine/login.php","line":24} []
[2022-02-25T01:01:56.787391+03:00] mylogger.WARNING: E_WARNING: Undefined array key "token" {"code":2,"message":"Undefined array key \"token\"","file":"/home/az/DEV/PHP/SF_PHP/Part7/Mod32/engine/login.php","line":24} []
[2022-02-25T01:01:58.322314+03:00] mylogger.WARNING: E_WARNING: Undefined variable $email {"code":2,"message":"Undefined variable $email","file":"/home/az/DEV/PHP/SF_PHP/Part7/Mod32/engine/login.php","line":49} []
[2022-02-25T01:01:58.322451+03:00] mylogger.ERROR: Uncaught Exception TypeError: "getUserByEmail(): Argument #1 ($email) must be of type string, null given, called in /home/az/DEV/PHP/SF_PHP/Part7/Mod32/engine/login.php on line 49" at /home/az/DEV/PHP/SF_PHP/Part7/Mod32/config/db.php line 23 {"exception":"[object] (TypeError(code: 0): getUserByEmail(): Argument #1 ($email) must be of type string, null given, called in /home/az/DEV/PHP/SF_PHP/Part7/Mod32/engine/login.php on line 49 at /home/az/DEV/PHP/SF_PHP/Part7/Mod32/config/db.php:23)"} []
[2022-02-25T01:06:31.555354+03:00] mylogger.WARNING: E_WARNING: Undefined array key "token" {"code":2,"message":"Undefined array key \"token\"","file":"/home/az/DEV/PHP/SF_PHP/Part7/Mod32/engine/login.php","line":24} []
[2022-02-25T01:07:03.941369+03:00] mylogger.WARNING: E_WARNING: Undefined variable $email_err {"code":2,"message":"Undefined variable $email_err","file":"/home/az/DEV/PHP/SF_PHP/Part7/Mod32/engine/login.php","line":44} []
[2022-02-25T01:07:03.941531+03:00] mylogger.WARNING: E_WARNING: Undefined variable $password_err {"code":2,"message":"Undefined variable $password_err","file":"/home/az/DEV/PHP/SF_PHP/Part7/Mod32/engine/login.php","line":45} []
[2022-02-25T01:08:20.114929+03:00] mylogger.WARNING: E_WARNING: Undefined array key "token" {"code":2,"message":"Undefined array key \"token\"","file":"/home/az/DEV/PHP/SF_PHP/Part7/Mod32/engine/login.php","line":26} []
[2022-02-25T01:08:20.115085+03:00] mylogger.WARNING: E_WARNING: Undefined array key "CSRF" {"code":2,"message":"Undefined array key \"CSRF\"","file":"/home/az/DEV/PHP/SF_PHP/Part7/Mod32/engine/login.php","line":28} []
[2022-02-25T01:08:23.949331+03:00] mylogger.WARNING: E_WARNING: Undefined array key "token" {"code":2,"message":"Undefined array key \"token\"","file":"/home/az/DEV/PHP/SF_PHP/Part7/Mod32/engine/login.php","line":26} []
[2022-02-25T01:08:29.326282+03:00] mylogger.WARNING: E_WARNING: Undefined array key "token" {"code":2,"message":"Undefined array key \"token\"","file":"/home/az/DEV/PHP/SF_PHP/Part7/Mod32/engine/login.php","line":26} []
[2022-02-25T01:18:40.695961+03:00] mylogger.WARNING: E_WARNING: Cannot modify header information - headers already sent by (output started at /home/az/DEV/PHP/SF_PHP/Part7/Mod32/templates/login.php:42) {"code":2,"message":"Cannot modify header information - headers already sent by (output started at /home/az/DEV/PHP/SF_PHP/Part7/Mod32/templates/login.php:42)","file":"/home/az/DEV/PHP/SF_PHP/Part7/Mod32/templates/login.php","line":61} []
[2022-02-25T01:18:56.916580+03:00] mylogger.WARNING: E_WARNING: Cannot modify header information - headers already sent by (output started at /home/az/DEV/PHP/SF_PHP/Part7/Mod32/templates/login.php:42) {"code":2,"message":"Cannot modify header information - headers already sent by (output started at /home/az/DEV/PHP/SF_PHP/Part7/Mod32/templates/login.php:42)","file":"/home/az/DEV/PHP/SF_PHP/Part7/Mod32/templates/login.php","line":61} []
[2022-02-25T01:46:53.536339+03:00] mylogger.WARNING: Предупреждение {"warning":[{"file":"/home/az/DEV/PHP/SF_PHP/Part7/Mod32/bootstrap.php","line":15,"function":"require_once"},{"file":"/home/az/DEV/PHP/SF_PHP/Part7/Mod32/public/index.php","line":5,"args":["/home/az/DEV/PHP/SF_PHP/Part7/Mod32/bootstrap.php"],"function":"require_once"}]} []
[2022-02-25T01:46:53.536900+03:00] mylogger.ALERT: Большая ошибка {"alert":[{"file":"/home/az/DEV/PHP/SF_PHP/Part7/Mod32/bootstrap.php","line":15,"function":"require_once"},{"file":"/home/az/DEV/PHP/SF_PHP/Part7/Mod32/public/index.php","line":5,"args":["/home/az/DEV/PHP/SF_PHP/Part7/Mod32/bootstrap.php"],"function":"require_once"}],"errors":{"email":null,"password":null}} []
[2022-02-25T01:46:55.259629+03:00] mylogger.WARNING: Предупреждение {"warning":[{"file":"/home/az/DEV/PHP/SF_PHP/Part7/Mod32/bootstrap.php","line":15,"function":"require_once"},{"file":"/home/az/DEV/PHP/SF_PHP/Part7/Mod32/public/index.php","line":5,"args":["/home/az/DEV/PHP/SF_PHP/Part7/Mod32/bootstrap.php"],"function":"require_once"}]} []
[2022-02-25T01:46:55.259798+03:00] mylogger.ALERT: Большая ошибка {"alert":[{"file":"/home/az/DEV/PHP/SF_PHP/Part7/Mod32/bootstrap.php","line":15,"function":"require_once"},{"file":"/home/az/DEV/PHP/SF_PHP/Part7/Mod32/public/index.php","line":5,"args":["/home/az/DEV/PHP/SF_PHP/Part7/Mod32/bootstrap.php"],"function":"require_once"}],"errors":{"email":null,"password":null}} []
[2022-02-25T01:48:27.458734+03:00] mylogger.WARNING: Предупреждение {"warning":[{"file":"/home/az/DEV/PHP/SF_PHP/Part7/Mod32/bootstrap.php","line":15,"function":"require_once"},{"file":"/home/az/DEV/PHP/SF_PHP/Part7/Mod32/public/index.php","line":5,"args":["/home/az/DEV/PHP/SF_PHP/Part7/Mod32/bootstrap.php"],"function":"require_once"}]} []
[2022-02-25T01:48:27.458831+03:00] mylogger.WARNING: E_WARNING: Undefined array key "email_err" {"code":2,"message":"Undefined array key \"email_err\"","file":"/home/az/DEV/PHP/SF_PHP/Part7/Mod32/engine/logger.php","line":38} []
[2022-02-25T01:48:27.458891+03:00] mylogger.WARNING: E_WARNING: Undefined array key "password_err" {"code":2,"message":"Undefined array key \"password_err\"","file":"/home/az/DEV/PHP/SF_PHP/Part7/Mod32/engine/logger.php","line":38} []
[2022-02-25T01:48:27.458921+03:00] mylogger.ALERT: Большая ошибка {"email":null,"password":null} []
[2022-02-25T01:48:27.931059+03:00] mylogger.WARNING: Предупреждение {"warning":[{"file":"/home/az/DEV/PHP/SF_PHP/Part7/Mod32/bootstrap.php","line":15,"function":"require_once"},{"file":"/home/az/DEV/PHP/SF_PHP/Part7/Mod32/public/index.php","line":5,"args":["/home/az/DEV/PHP/SF_PHP/Part7/Mod32/bootstrap.php"],"function":"require_once"}]} []
[2022-02-25T01:48:27.931140+03:00] mylogger.WARNING: E_WARNING: Undefined array key "email_err" {"code":2,"message":"Undefined array key \"email_err\"","file":"/home/az/DEV/PHP/SF_PHP/Part7/Mod32/engine/logger.php","line":38} []
[2022-02-25T01:48:27.931185+03:00] mylogger.WARNING: E_WARNING: Undefined array key "password_err" {"code":2,"message":"Undefined array key \"password_err\"","file":"/home/az/DEV/PHP/SF_PHP/Part7/Mod32/engine/logger.php","line":38} []
[2022-02-25T01:48:27.931213+03:00] mylogger.ALERT: Большая ошибка {"email":null,"password":null} []
[2022-02-25T01:48:29.749036+03:00] mylogger.WARNING: Предупреждение {"warning":[{"file":"/home/az/DEV/PHP/SF_PHP/Part7/Mod32/bootstrap.php","line":15,"function":"require_once"},{"file":"/home/az/DEV/PHP/SF_PHP/Part7/Mod32/public/index.php","line":5,"args":["/home/az/DEV/PHP/SF_PHP/Part7/Mod32/bootstrap.php"],"function":"require_once"}]} []
[2022-02-25T01:48:29.749118+03:00] mylogger.WARNING: E_WARNING: Undefined array key "email_err" {"code":2,"message":"Undefined array key \"email_err\"","file":"/home/az/DEV/PHP/SF_PHP/Part7/Mod32/engine/logger.php","line":38} []
[2022-02-25T01:48:29.749168+03:00] mylogger.WARNING: E_WARNING: Undefined array key "password_err" {"code":2,"message":"Undefined array key \"password_err\"","file":"/home/az/DEV/PHP/SF_PHP/Part7/Mod32/engine/logger.php","line":38} []
[2022-02-25T01:48:29.749194+03:00] mylogger.ALERT: Большая ошибка {"email":null,"password":null} []
[2022-02-25T01:50:58.106488+03:00] mylogger.WARNING: Предупреждение {"warning":[{"file":"/home/az/DEV/PHP/SF_PHP/Part7/Mod32/bootstrap.php","line":15,"function":"require_once"},{"file":"/home/az/DEV/PHP/SF_PHP/Part7/Mod32/public/index.php","line":5,"args":["/home/az/DEV/PHP/SF_PHP/Part7/Mod32/bootstrap.php"],"function":"require_once"}]} []
[2022-02-25T01:50:58.106894+03:00] mylogger.ALERT: Большая ошибка {"email":"","password":""} []
[2022-02-25T01:51:00.001270+03:00] mylogger.WARNING: Предупреждение {"warning":[{"file":"/home/az/DEV/PHP/SF_PHP/Part7/Mod32/bootstrap.php","line":15,"function":"require_once"},{"file":"/home/az/DEV/PHP/SF_PHP/Part7/Mod32/public/index.php","line":5,"args":["/home/az/DEV/PHP/SF_PHP/Part7/Mod32/bootstrap.php"],"function":"require_once"}]} []
[2022-02-25T01:51:00.001660+03:00] mylogger.ALERT: Большая ошибка {"email":"","password":""} []
[2022-02-25T01:51:27.032219+03:00] mylogger.WARNING: Предупреждение {"warning":[{"file":"/home/az/DEV/PHP/SF_PHP/Part7/Mod32/bootstrap.php","line":15,"function":"require_once"},{"file":"/home/az/DEV/PHP/SF_PHP/Part7/Mod32/public/index.php","line":5,"args":["/home/az/DEV/PHP/SF_PHP/Part7/Mod32/bootstrap.php"],"function":"require_once"}]} []
[2022-02-25T01:51:27.032581+03:00] mylogger.ALERT: Большая ошибка {"email":"","password":""} []
[2022-02-25T01:51:27.990473+03:00] mylogger.WARNING: Предупреждение {"warning":[{"file":"/home/az/DEV/PHP/SF_PHP/Part7/Mod32/bootstrap.php","line":15,"function":"require_once"},{"file":"/home/az/DEV/PHP/SF_PHP/Part7/Mod32/public/index.php","line":5,"args":["/home/az/DEV/PHP/SF_PHP/Part7/Mod32/bootstrap.php"],"function":"require_once"}]} []
[2022-02-25T01:51:27.990574+03:00] mylogger.ALERT: Большая ошибка {"email":"","password":""} []
[2022-02-25T01:51:29.710476+03:00] mylogger.WARNING: Предупреждение {"warning":[{"file":"/home/az/DEV/PHP/SF_PHP/Part7/Mod32/bootstrap.php","line":15,"function":"require_once"},{"file":"/home/az/DEV/PHP/SF_PHP/Part7/Mod32/public/index.php","line":5,"args":["/home/az/DEV/PHP/SF_PHP/Part7/Mod32/bootstrap.php"],"function":"require_once"}]} []
[2022-02-25T01:51:29.710693+03:00] mylogger.ALERT: Большая ошибка {"email":"","password":""} []
[2022-02-25T01:51:30.670686+03:00] mylogger.WARNING: Предупреждение {"warning":[{"file":"/home/az/DEV/PHP/SF_PHP/Part7/Mod32/bootstrap.php","line":15,"function":"require_once"},{"file":"/home/az/DEV/PHP/SF_PHP/Part7/Mod32/public/index.php","line":5,"args":["/home/az/DEV/PHP/SF_PHP/Part7/Mod32/bootstrap.php"],"function":"require_once"}]} []
[2022-02-25T01:51:30.671011+03:00] mylogger.ALERT: Большая ошибка {"email":"Please enter email.","password":"Please enter your password."} []
[2022-02-25T01:51:46.771821+03:00] mylogger.WARNING: Предупреждение {"warning":[{"file":"/home/az/DEV/PHP/SF_PHP/Part7/Mod32/bootstrap.php","line":15,"function":"require_once"},{"file":"/home/az/DEV/PHP/SF_PHP/Part7/Mod32/public/index.php","line":5,"args":["/home/az/DEV/PHP/SF_PHP/Part7/Mod32/bootstrap.php"],"function":"require_once"}]} []
[2022-02-25T01:51:46.771937+03:00] mylogger.ALERT: Большая ошибка {"email":"Please enter email.","password":"Please enter your password."} []
[2022-02-25T01:51:47.692590+03:00] mylogger.WARNING: Предупреждение {"warning":[{"file":"/home/az/DEV/PHP/SF_PHP/Part7/Mod32/bootstrap.php","line":15,"function":"require_once"},{"file":"/home/az/DEV/PHP/SF_PHP/Part7/Mod32/public/index.php","line":5,"args":["/home/az/DEV/PHP/SF_PHP/Part7/Mod32/bootstrap.php"],"function":"require_once"}]} []
[2022-02-25T01:51:47.692763+03:00] mylogger.ALERT: Большая ошибка {"email":"","password":"Please enter your password."} []
[2022-02-25T01:51:59.200577+03:00] mylogger.WARNING: Предупреждение {"warning":[{"file":"/home/az/DEV/PHP/SF_PHP/Part7/Mod32/bootstrap.php","line":15,"function":"require_once"},{"file":"/home/az/DEV/PHP/SF_PHP/Part7/Mod32/public/index.php","line":5,"args":["/home/az/DEV/PHP/SF_PHP/Part7/Mod32/bootstrap.php"],"function":"require_once"}]} []
[2022-02-25T01:51:59.200669+03:00] mylogger.ALERT: Большая ошибка {"email":"","password":"Please enter your password."} []
[2022-02-25T01:51:59.654741+03:00] mylogger.WARNING: Предупреждение {"warning":[{"file":"/home/az/DEV/PHP/SF_PHP/Part7/Mod32/bootstrap.php","line":15,"function":"require_once"},{"file":"/home/az/DEV/PHP/SF_PHP/Part7/Mod32/public/index.php","line":5,"args":["/home/az/DEV/PHP/SF_PHP/Part7/Mod32/bootstrap.php"],"function":"require_once"}]} []
[2022-02-25T01:51:59.655124+03:00] mylogger.ALERT: Большая ошибка {"email":"","password":""} []
[2022-02-25T01:52:00.386344+03:00] mylogger.WARNING: Предупреждение {"warning":[{"file":"/home/az/DEV/PHP/SF_PHP/Part7/Mod32/bootstrap.php","line":15,"function":"require_once"},{"file":"/home/az/DEV/PHP/SF_PHP/Part7/Mod32/public/index.php","line":5,"args":["/home/az/DEV/PHP/SF_PHP/Part7/Mod32/bootstrap.php"],"function":"require_once"}]} []
[2022-02-25T01:52:00.386471+03:00] mylogger.ALERT: Большая ошибка {"email":"","password":""} []
[2022-02-25T01:52:50.891014+03:00] mylogger.WARNING: Предупреждение {"warning":[{"file":"/home/az/DEV/PHP/SF_PHP/Part7/Mod32/bootstrap.php","line":15,"function":"require_once"},{"file":"/home/az/DEV/PHP/SF_PHP/Part7/Mod32/public/index.php","line":5,"args":["/home/az/DEV/PHP/SF_PHP/Part7/Mod32/bootstrap.php"],"function":"require_once"}]} []
[2022-02-25T01:52:50.891221+03:00] mylogger.ALERT: Большая ошибка {"email":"","password":""} []
[2022-02-25T01:52:51.727008+03:00] mylogger.WARNING: Предупреждение {"warning":[{"file":"/home/az/DEV/PHP/SF_PHP/Part7/Mod32/bootstrap.php","line":15,"function":"require_once"},{"file":"/home/az/DEV/PHP/SF_PHP/Part7/Mod32/public/index.php","line":5,"args":["/home/az/DEV/PHP/SF_PHP/Part7/Mod32/bootstrap.php"],"function":"require_once"}]} []
[2022-02-25T01:52:51.727122+03:00] mylogger.ALERT: Большая ошибка {"email":"","password":""} []
[2022-02-25T01:52:55.315627+03:00] mylogger.WARNING: Предупреждение {"warning":[{"file":"/home/az/DEV/PHP/SF_PHP/Part7/Mod32/bootstrap.php","line":15,"function":"require_once"},{"file":"/home/az/DEV/PHP/SF_PHP/Part7/Mod32/public/index.php","line":5,"args":["/home/az/DEV/PHP/SF_PHP/Part7/Mod32/bootstrap.php"],"function":"require_once"}]} []
[2022-02-25T01:52:55.316000+03:00] mylogger.ALERT: Большая ошибка {"email":"","password":""} []
[2022-02-25T01:52:57.038926+03:00] mylogger.WARNING: Предупреждение {"warning":[{"file":"/home/az/DEV/PHP/SF_PHP/Part7/Mod32/bootstrap.php","line":15,"function":"require_once"},{"file":"/home/az/DEV/PHP/SF_PHP/Part7/Mod32/public/index.php","line":5,"args":["/home/az/DEV/PHP/SF_PHP/Part7/Mod32/bootstrap.php"],"function":"require_once"}]} []
[2022-02-25T01:52:57.039121+03:00] mylogger.ALERT: Большая ошибка {"email":"","password":""} []
[2022-02-25T01:52:58.526118+03:00] mylogger.WARNING: Предупреждение {"warning":[{"file":"/home/az/DEV/PHP/SF_PHP/Part7/Mod32/bootstrap.php","line":15,"function":"require_once"},{"file":"/home/az/DEV/PHP/SF_PHP/Part7/Mod32/public/index.php","line":5,"args":["/home/az/DEV/PHP/SF_PHP/Part7/Mod32/bootstrap.php"],"function":"require_once"}]} []
[2022-02-25T01:52:58.526261+03:00] mylogger.ALERT: Большая ошибка {"email":"","password":""} []
[2022-02-25T01:52:58.984120+03:00] mylogger.WARNING: Предупреждение {"warning":[{"file":"/home/az/DEV/PHP/SF_PHP/Part7/Mod32/bootstrap.php","line":15,"function":"require_once"},{"file":"/home/az/DEV/PHP/SF_PHP/Part7/Mod32/public/index.php","line":5,"args":["/home/az/DEV/PHP/SF_PHP/Part7/Mod32/bootstrap.php"],"function":"require_once"}]} []
[2022-02-25T01:52:58.984437+03:00] mylogger.ALERT: Большая ошибка {"email":"","password":""} []
[2022-02-25T01:53:00.393201+03:00] mylogger.WARNING: Предупреждение {"warning":[{"file":"/home/az/DEV/PHP/SF_PHP/Part7/Mod32/bootstrap.php","line":15,"function":"require_once"},{"file":"/home/az/DEV/PHP/SF_PHP/Part7/Mod32/public/index.php","line":5,"args":["/home/az/DEV/PHP/SF_PHP/Part7/Mod32/bootstrap.php"],"function":"require_once"}]} []
[2022-02-25T01:53:00.393279+03:00] mylogger.ALERT: Большая ошибка {"email":"","password":""} []
[2022-02-25T01:53:01.015076+03:00] mylogger.WARNING: Предупреждение {"warning":[{"file":"/home/az/DEV/PHP/SF_PHP/Part7/Mod32/bootstrap.php","line":15,"function":"require_once"},{"file":"/home/az/DEV/PHP/SF_PHP/Part7/Mod32/public/index.php","line":5,"args":["/home/az/DEV/PHP/SF_PHP/Part7/Mod32/bootstrap.php"],"function":"require_once"}]} []
[2022-02-25T01:53:01.015380+03:00] mylogger.ALERT: Большая ошибка {"email":"","password":""} []
[2022-02-25T01:53:01.851911+03:00] mylogger.WARNING: Предупреждение {"warning":[{"file":"/home/az/DEV/PHP/SF_PHP/Part7/Mod32/bootstrap.php","line":15,"function":"require_once"},{"file":"/home/az/DEV/PHP/SF_PHP/Part7/Mod32/public/index.php","line":5,"args":["/home/az/DEV/PHP/SF_PHP/Part7/Mod32/bootstrap.php"],"function":"require_once"}]} []
[2022-02-25T01:53:01.852070+03:00] mylogger.ALERT: Большая ошибка {"email":"","password":""} []
[2022-02-25T01:53:04.749631+03:00] mylogger.WARNING: Предупреждение {"warning":[{"file":"/home/az/DEV/PHP/SF_PHP/Part7/Mod32/bootstrap.php","line":15,"function":"require_once"},{"file":"/home/az/DEV/PHP/SF_PHP/Part7/Mod32/public/index.php","line":5,"args":["/home/az/DEV/PHP/SF_PHP/Part7/Mod32/bootstrap.php"],"function":"require_once"}]} []
[2022-02-25T01:53:04.750123+03:00] mylogger.ALERT: Большая ошибка {"email":"","password":""} []
[2022-02-25T01:53:05.636230+03:00] mylogger.WARNING: Предупреждение {"warning":[{"file":"/home/az/DEV/PHP/SF_PHP/Part7/Mod32/bootstrap.php","line":15,"function":"require_once"},{"file":"/home/az/DEV/PHP/SF_PHP/Part7/Mod32/public/index.php","line":5,"args":["/home/az/DEV/PHP/SF_PHP/Part7/Mod32/bootstrap.php"],"function":"require_once"}]} []
[2022-02-25T01:53:05.636553+03:00] mylogger.ALERT: Большая ошибка {"email":"","password":""} []
[2022-02-25T01:53:07.452613+03:00] mylogger.WARNING: Предупреждение {"warning":[{"file":"/home/az/DEV/PHP/SF_PHP/Part7/Mod32/bootstrap.php","line":15,"function":"require_once"},{"file":"/home/az/DEV/PHP/SF_PHP/Part7/Mod32/public/handler.php","line":2,"args":["/home/az/DEV/PHP/SF_PHP/Part7/Mod32/bootstrap.php"],"function":"require_once"}]} []
[2022-02-25T01:53:07.452901+03:00] mylogger.ALERT: Большая ошибка {"email":"","password":""} []
[2022-02-25T01:53:09.170729+03:00] mylogger.WARNING: Предупреждение {"warning":[{"file":"/home/az/DEV/PHP/SF_PHP/Part7/Mod32/bootstrap.php","line":15,"function":"require_once"},{"file":"/home/az/DEV/PHP/SF_PHP/Part7/Mod32/public/index.php","line":5,"args":["/home/az/DEV/PHP/SF_PHP/Part7/Mod32/bootstrap.php"],"function":"require_once"}]} []
[2022-02-25T01:53:09.171046+03:00] mylogger.ALERT: Большая ошибка {"email":"","password":""} []
[2022-02-25T01:53:10.146199+03:00] mylogger.WARNING: Предупреждение {"warning":[{"file":"/home/az/DEV/PHP/SF_PHP/Part7/Mod32/bootstrap.php","line":15,"function":"require_once"},{"file":"/home/az/DEV/PHP/SF_PHP/Part7/Mod32/public/index.php","line":5,"args":["/home/az/DEV/PHP/SF_PHP/Part7/Mod32/bootstrap.php"],"function":"require_once"}]} []
[2022-02-25T01:53:10.146705+03:00] mylogger.ALERT: Большая ошибка {"email":"","password":""} []
[2022-02-25T01:53:12.868685+03:00] mylogger.WARNING: Предупреждение {"warning":[{"file":"/home/az/DEV/PHP/SF_PHP/Part7/Mod32/bootstrap.php","line":15,"function":"require_once"},{"file":"/home/az/DEV/PHP/SF_PHP/Part7/Mod32/public/index.php","line":5,"args":["/home/az/DEV/PHP/SF_PHP/Part7/Mod32/bootstrap.php"],"function":"require_once"}]} []
[2022-02-25T01:53:12.868815+03:00] mylogger.ALERT: Большая ошибка {"email":"","password":""} []
[2022-02-25T01:53:13.179787+03:00] mylogger.WARNING: Предупреждение {"warning":[{"file":"/home/az/DEV/PHP/SF_PHP/Part7/Mod32/bootstrap.php","line":15,"function":"require_once"},{"file":"/home/az/DEV/PHP/SF_PHP/Part7/Mod32/public/index.php","line":5,"args":["/home/az/DEV/PHP/SF_PHP/Part7/Mod32/bootstrap.php"],"function":"require_once"}]} []
[2022-02-25T01:53:13.179861+03:00] mylogger.ALERT: Большая ошибка {"email":"","password":""} []
[2022-02-25T01:53:14.135916+03:00] mylogger.WARNING: Предупреждение {"warning":[{"file":"/home/az/DEV/PHP/SF_PHP/Part7/Mod32/bootstrap.php","line":15,"function":"require_once"},{"file":"/home/az/DEV/PHP/SF_PHP/Part7/Mod32/public/index.php","line":5,"args":["/home/az/DEV/PHP/SF_PHP/Part7/Mod32/bootstrap.php"],"function":"require_once"}]} []
[2022-02-25T01:53:14.135987+03:00] mylogger.ALERT: Большая ошибка {"email":"","password":""} []
